<?xml version="1.0" encoding="UTF-8"?>
<!-- Generated by org.testng.reporters.JUnitXMLReporter -->
<testsuite ignored="2" hostname="Sasikumar" failures="0" tests="1" name="Default test" time="4.19" errors="0" timestamp="2025-09-01T22:07:36 IST">
  <testcase classname="org.psa.Test" name="loginFunctionality" time="4.044"/>
  <testcase classname="org.psa.Test" name="testName" time="0.0">
    <ignored/>
  </testcase> <!-- testName -->
  <testcase classname="org.psa.Test" name="registerFunctionality001" time="0.0">
    <ignored/>
  </testcase> <!-- registerFunctionality001 -->
</testsuite> <!-- Default test -->
