<?xml version="1.0" encoding="UTF-8"?>
<testng-results ignored="2" total="3" passed="1" failed="0" skipped="0">
  <reporter-output>
  </reporter-output>
  <suite started-at="2025-09-01T22:07:32 IST" name="Default suite" finished-at="2025-09-01T22:07:36 IST" duration-ms="4190">
    <groups>
    </groups>
    <test started-at="2025-09-01T22:07:32 IST" name="Default test" finished-at="2025-09-01T22:07:36 IST" duration-ms="4190">
      <class name="org.psa.Test">
        <test-method is-config="true" signature="launch()[pri:0, instance:org.psa.Test@510f3d34]" started-at="2025-09-01T22:07:26 IST" name="launch" finished-at="2025-09-01T22:07:32 IST" duration-ms="5842" status="PASS">
          <reporter-output>
          </reporter-output>
        </test-method> <!-- launch -->
        <test-method signature="loginFunctionality()[pri:0, instance:org.psa.Test@510f3d34]" started-at="2025-09-01T22:07:32 IST" name="loginFunctionality" finished-at="2025-09-01T22:07:36 IST" duration-ms="4044" status="PASS">
          <reporter-output>
          </reporter-output>
        </test-method> <!-- loginFunctionality -->
      </class> <!-- org.psa.Test -->
    </test> <!-- Default test -->
  </suite> <!-- Default suite -->
</testng-results>
